<?xml version="1.0" encoding="UTF-8"?>
<testsuite xmlns:xsi="http://www.w3.org/2001/XMLSchema-instance" xsi:noNamespaceSchemaLocation="https://maven.apache.org/surefire/maven-surefire-plugin/xsd/surefire-test-report.xsd" version="3.0.2" name="com.valentina.PeliculasYDirectoresApplicationTests" time="7.468" tests="1" errors="0" skipped="0" failures="0" flakes="0">
  <properties>
[...]
</properties>
  <testcase name="contextLoads" classname="com.valentina.PeliculasYDirectoresApplicationTests" time="2.165">
    <system-out><![CDATA[15:29:09.543 [main] INFO org.springframework.test.context.support.AnnotationConfigContextLoaderUtils -- Could not detect default configuration classes for test class [com.valentina.PeliculasYDirectoresApplicationTests]: PeliculasYDirectoresApplicationTests does not declare any static, non-private, non-final, nested classes annotated with @Configuration.
15:29:09.820 [main] INFO org.springframework.boot.test.context.SpringBootTestContextBootstrapper -- Found @SpringBootConfiguration com.valentina.PeliculasYDirectoresApplication for test class com.valentina.PeliculasYDirectoresApplicationTests

  .   ____          _            __ _ _
 /\\ / ___'_ __ _ _(_)_ __  __ _ \ \ \ \
( ( )\___ | '_ | '_| | '_ \/ _` | \ \ \ \
 \\/  ___)| |_)| | | | | || (_| |  ) ) ) )
  '  |____| .__|_| |_|_| |_\__, | / / / /
 =========|_|==============|___/=/_/_/_/

 :: Spring Boot ::               (v3.5.15)

2026-06-24T15:29:11.050-04:00  INFO 8640 --- [PeliculasYDirectores] [           main] c.v.PeliculasYDirectoresApplicationTests : Starting PeliculasYDirectoresApplicationTests using Java 17.0.19 with PID 8640 (started by valer in c:\Users\valer\Downloads\PeliculasYDirectores_Valentina\PeliculasYDirectores2)
2026-06-24T15:29:11.052-04:00  INFO 8640 --- [PeliculasYDirectores] [           main] c.v.PeliculasYDirectoresApplicationTests : No active profile set, falling back to 1 default profile: "default"
2026-06-24T15:29:14.318-04:00  INFO 8640 --- [PeliculasYDirectores] [           main] c.v.PeliculasYDirectoresApplicationTests : Started PeliculasYDirectoresApplicationTests in 4.133 seconds (process running for 6.317)
]]></system-out>
  </testcase>
</testsuite>